<?xml version="1.0" encoding="UTF-8"?>
<!-- Generated by org.testng.reporters.JUnitReportReporter -->
<testsuite hostname="DESKTOP-HTNABHM" failures="0" tests="3" name="com.wwi.qa.testcases.LocationPageTest" time="244.043" errors="0" timestamp="2020-11-13T19:58:24 PST" skipped="0">
  <testcase classname="com.wwi.qa.testcases.LocationPageTest" name="verifyLocationTitleEqualsSearchResultTest" time="74.934"/>
  <system-out/>
  <testcase classname="com.wwi.qa.testcases.LocationPageTest" name="verifyTodaysHourTest" time="74.427"/>
  <system-out/>
  <testcase classname="com.wwi.qa.testcases.LocationPageTest" name="printMeeting" time="94.682"/>
  <system-out/>
</testsuite> <!-- com.wwi.qa.testcases.LocationPageTest -->
