<?xml version="1.0" encoding="UTF-8"?>
<!-- Generated by org.testng.reporters.JUnitReportReporter -->
<testsuite hostname="DESKTOP-HTNABHM" failures="0" tests="2" name="com.wwi.qa.testcases.MainPageTest" time="19.822" errors="0" timestamp="2020-11-13T19:50:32 PST" skipped="0">
  <testcase classname="com.wwi.qa.testcases.MainPageTest" name="ValidatMainPageTitleTest" time="9.306"/>
  <system-out/>
  <testcase classname="com.wwi.qa.testcases.MainPageTest" name="FindWorkshopTest" time="10.516"/>
  <system-out/>
</testsuite> <!-- com.wwi.qa.testcases.MainPageTest -->
