<?xml version="1.0" encoding="UTF-8"?>
<!-- Generated by org.testng.reporters.JUnitReportReporter -->
<testsuite hostname="DESKTOP-HTNABHM" failures="0" tests="4" name="com.wwi.qa.testcases.FindWorkshopPageTest" time="289.274" errors="0" timestamp="2020-11-13T19:49:11 PST" skipped="0">
  <testcase classname="com.wwi.qa.testcases.FindWorkshopPageTest" name="verifyWorkshopPageTitle" time="71.500"/>
  <system-out/>
  <testcase classname="com.wwi.qa.testcases.FindWorkshopPageTest" name="getLocationTitleTest" time="73.144"/>
  <system-out/>
  <testcase classname="com.wwi.qa.testcases.FindWorkshopPageTest" name="getDistanceTitleTest" time="70.315"/>
  <system-out/>
  <testcase classname="com.wwi.qa.testcases.FindWorkshopPageTest" name="clickOnFirstSearchResultTest" time="74.315"/>
  <system-out/>
</testsuite> <!-- com.wwi.qa.testcases.FindWorkshopPageTest -->
